2015-12-14 22:47:49,486 INFO  [main] budget.Main (Main.java:32) - Main started
2015-12-14 22:47:50,511 DEBUG [JavaFX Application Thread] controller.BudgetAppController (BudgetAppController.java:162) - Created category Category 87 with parent ParentCategory 2
2015-12-14 22:47:50,512 DEBUG [JavaFX Application Thread] controller.BudgetAppController (BudgetAppController.java:162) - Created category Category 41 with parent ParentCategory 5
2015-12-14 22:47:50,512 DEBUG [JavaFX Application Thread] controller.BudgetAppController (BudgetAppController.java:162) - Created category Category 16 with parent ParentCategory 1
2015-12-14 22:47:50,512 DEBUG [JavaFX Application Thread] controller.BudgetAppController (BudgetAppController.java:162) - Created category Category 17 with parent ParentCategory 0
2015-12-14 22:47:50,512 DEBUG [JavaFX Application Thread] controller.BudgetAppController (BudgetAppController.java:162) - Created category Category 10 with parent ParentCategory 6
2015-12-14 22:47:50,512 DEBUG [JavaFX Application Thread] controller.BudgetAppController (BudgetAppController.java:162) - Created category Category 73 with parent ParentCategory 7
2015-12-14 22:47:50,513 DEBUG [JavaFX Application Thread] controller.BudgetAppController (BudgetAppController.java:162) - Created category Category 81 with parent ParentCategory 1
2015-12-14 22:47:50,513 DEBUG [JavaFX Application Thread] controller.BudgetAppController (BudgetAppController.java:162) - Created category Category 10 with parent ParentCategory 6
2015-12-14 22:47:50,513 DEBUG [JavaFX Application Thread] controller.BudgetAppController (BudgetAppController.java:162) - Created category Category 12 with parent ParentCategory 1
2015-12-14 22:47:50,513 DEBUG [JavaFX Application Thread] controller.BudgetAppController (BudgetAppController.java:162) - Created category Category 55 with parent ParentCategory 6
2015-12-14 22:47:50,513 DEBUG [JavaFX Application Thread] controller.BudgetAppController (BudgetAppController.java:162) - Created category Category 87 with parent ParentCategory 2
2015-12-14 22:47:50,514 DEBUG [JavaFX Application Thread] controller.BudgetAppController (BudgetAppController.java:162) - Created category Category 83 with parent ParentCategory 3
2015-12-14 22:47:50,514 DEBUG [JavaFX Application Thread] controller.BudgetAppController (BudgetAppController.java:162) - Created category Category 53 with parent ParentCategory 4
2015-12-14 22:47:50,514 DEBUG [JavaFX Application Thread] controller.BudgetAppController (BudgetAppController.java:162) - Created category Category 79 with parent ParentCategory 6
2015-12-14 22:47:50,514 DEBUG [JavaFX Application Thread] controller.BudgetAppController (BudgetAppController.java:162) - Created category Category 69 with parent ParentCategory 4
2015-12-14 22:47:50,514 DEBUG [JavaFX Application Thread] controller.BudgetAppController (BudgetAppController.java:162) - Created category Category 87 with parent ParentCategory 2
2015-12-14 22:47:50,514 DEBUG [JavaFX Application Thread] controller.BudgetAppController (BudgetAppController.java:162) - Created category Category 69 with parent ParentCategory 4
2015-12-14 22:47:50,515 DEBUG [JavaFX Application Thread] controller.BudgetAppController (BudgetAppController.java:162) - Created category Category 80 with parent ParentCategory 6
2015-12-14 22:47:50,515 DEBUG [JavaFX Application Thread] controller.BudgetAppController (BudgetAppController.java:162) - Created category Category 35 with parent ParentCategory 3
2015-12-14 22:47:50,515 DEBUG [JavaFX Application Thread] controller.BudgetAppController (BudgetAppController.java:162) - Created category Category 88 with parent ParentCategory 7
2015-12-14 22:47:50,515 DEBUG [JavaFX Application Thread] controller.BudgetAppController (BudgetAppController.java:162) - Created category Category 70 with parent ParentCategory 3
2015-12-14 22:47:50,515 DEBUG [JavaFX Application Thread] controller.BudgetAppController (BudgetAppController.java:162) - Created category Category 56 with parent ParentCategory 1
2015-12-14 22:47:50,515 DEBUG [JavaFX Application Thread] controller.BudgetAppController (BudgetAppController.java:162) - Created category Category 75 with parent ParentCategory 4
2015-12-14 22:47:50,516 DEBUG [JavaFX Application Thread] controller.BudgetAppController (BudgetAppController.java:162) - Created category Category 76 with parent ParentCategory 5
2015-12-14 22:47:50,516 DEBUG [JavaFX Application Thread] controller.BudgetAppController (BudgetAppController.java:162) - Created category Category 97 with parent ParentCategory 8
2015-12-14 22:47:50,516 DEBUG [JavaFX Application Thread] controller.BudgetAppController (BudgetAppController.java:162) - Created category Category 31 with parent ParentCategory 0
2015-12-14 22:47:50,516 DEBUG [JavaFX Application Thread] controller.BudgetAppController (BudgetAppController.java:162) - Created category Category 23 with parent ParentCategory 0
2015-12-14 22:47:50,516 DEBUG [JavaFX Application Thread] controller.BudgetAppController (BudgetAppController.java:162) - Created category Category 59 with parent ParentCategory 1
2015-12-14 22:47:50,517 DEBUG [JavaFX Application Thread] controller.BudgetAppController (BudgetAppController.java:162) - Created category Category 17 with parent ParentCategory 0
2015-12-14 22:47:50,517 DEBUG [JavaFX Application Thread] controller.BudgetAppController (BudgetAppController.java:162) - Created category Category 11 with parent ParentCategory 1
2015-12-14 22:47:50,517 DEBUG [JavaFX Application Thread] controller.BudgetAppController (BudgetAppController.java:162) - Created category Category 29 with parent ParentCategory 1
2015-12-14 22:47:50,517 DEBUG [JavaFX Application Thread] controller.BudgetAppController (BudgetAppController.java:162) - Created category Category 30 with parent ParentCategory 6
2015-12-14 22:47:50,517 DEBUG [JavaFX Application Thread] controller.BudgetAppController (BudgetAppController.java:162) - Created category Category 73 with parent ParentCategory 7
2015-12-14 22:47:50,517 DEBUG [JavaFX Application Thread] controller.BudgetAppController (BudgetAppController.java:162) - Created category Category 76 with parent ParentCategory 5
2015-12-14 22:47:50,518 DEBUG [JavaFX Application Thread] controller.BudgetAppController (BudgetAppController.java:162) - Created category Category 11 with parent ParentCategory 1
2015-12-14 22:47:50,518 DEBUG [JavaFX Application Thread] controller.BudgetAppController (BudgetAppController.java:162) - Created category Category 4 with parent ParentCategory 5
2015-12-14 22:47:50,518 DEBUG [JavaFX Application Thread] controller.BudgetAppController (BudgetAppController.java:162) - Created category Category 96 with parent ParentCategory 7
2015-12-14 22:47:50,518 DEBUG [JavaFX Application Thread] controller.BudgetAppController (BudgetAppController.java:162) - Created category Category 94 with parent ParentCategory 3
2015-12-14 22:47:50,518 DEBUG [JavaFX Application Thread] controller.BudgetAppController (BudgetAppController.java:162) - Created category Category 15 with parent ParentCategory 3
2015-12-14 22:47:50,518 DEBUG [JavaFX Application Thread] controller.BudgetAppController (BudgetAppController.java:162) - Created category Category 97 with parent ParentCategory 8
2015-12-14 22:47:50,519 DEBUG [JavaFX Application Thread] controller.BudgetAppController (BudgetAppController.java:162) - Created category Category 20 with parent ParentCategory 2
2015-12-14 22:47:50,519 DEBUG [JavaFX Application Thread] controller.BudgetAppController (BudgetAppController.java:162) - Created category Category 29 with parent ParentCategory 1
2015-12-14 22:47:50,519 DEBUG [JavaFX Application Thread] controller.BudgetAppController (BudgetAppController.java:162) - Created category Category 61 with parent ParentCategory 6
2015-12-14 22:47:50,519 DEBUG [JavaFX Application Thread] controller.BudgetAppController (BudgetAppController.java:162) - Created category Category 98 with parent ParentCategory 0
2015-12-14 22:47:50,519 DEBUG [JavaFX Application Thread] controller.BudgetAppController (BudgetAppController.java:162) - Created category Category 84 with parent ParentCategory 8
2015-12-14 22:47:50,520 DEBUG [JavaFX Application Thread] controller.BudgetAppController (BudgetAppController.java:162) - Created category Category 5 with parent ParentCategory 8
2015-12-14 22:47:50,520 DEBUG [JavaFX Application Thread] controller.BudgetAppController (BudgetAppController.java:162) - Created category Category 5 with parent ParentCategory 8
2015-12-14 22:47:50,520 DEBUG [JavaFX Application Thread] controller.BudgetAppController (BudgetAppController.java:162) - Created category Category 54 with parent ParentCategory 7
2015-12-14 22:47:50,520 DEBUG [JavaFX Application Thread] controller.BudgetAppController (BudgetAppController.java:162) - Created category Category 85 with parent ParentCategory 8
2015-12-14 22:47:50,520 DEBUG [JavaFX Application Thread] controller.BudgetAppController (BudgetAppController.java:162) - Created category Category 67 with parent ParentCategory 6
2015-12-14 22:47:50,521 DEBUG [JavaFX Application Thread] controller.BudgetAppController (BudgetAppController.java:162) - Created category Category 43 with parent ParentCategory 5
2015-12-14 22:47:50,521 DEBUG [JavaFX Application Thread] controller.BudgetAppController (BudgetAppController.java:162) - Created category Category 25 with parent ParentCategory 2
2015-12-14 22:47:50,521 DEBUG [JavaFX Application Thread] controller.BudgetAppController (BudgetAppController.java:162) - Created category Category 56 with parent ParentCategory 1
2015-12-14 22:47:50,521 DEBUG [JavaFX Application Thread] controller.BudgetAppController (BudgetAppController.java:162) - Created category Category 75 with parent ParentCategory 4
2015-12-14 22:47:50,521 DEBUG [JavaFX Application Thread] controller.BudgetAppController (BudgetAppController.java:162) - Created category Category 81 with parent ParentCategory 1
2015-12-14 22:47:50,521 DEBUG [JavaFX Application Thread] controller.BudgetAppController (BudgetAppController.java:162) - Created category Category 55 with parent ParentCategory 6
2015-12-14 22:47:50,522 DEBUG [JavaFX Application Thread] controller.BudgetAppController (BudgetAppController.java:162) - Created category Category 18 with parent ParentCategory 5
2015-12-14 22:47:50,522 DEBUG [JavaFX Application Thread] controller.BudgetAppController (BudgetAppController.java:162) - Created category Category 66 with parent ParentCategory 7
2015-12-14 22:47:50,522 DEBUG [JavaFX Application Thread] controller.BudgetAppController (BudgetAppController.java:162) - Created category Category 92 with parent ParentCategory 1
2015-12-14 22:47:50,522 DEBUG [JavaFX Application Thread] controller.BudgetAppController (BudgetAppController.java:162) - Created category Category 37 with parent ParentCategory 6
2015-12-14 22:47:50,522 DEBUG [JavaFX Application Thread] controller.BudgetAppController (BudgetAppController.java:162) - Created category Category 91 with parent ParentCategory 0
2015-12-14 22:47:50,523 DEBUG [JavaFX Application Thread] controller.BudgetAppController (BudgetAppController.java:162) - Created category Category 41 with parent ParentCategory 5
2015-12-14 22:47:50,523 DEBUG [JavaFX Application Thread] controller.BudgetAppController (BudgetAppController.java:162) - Created category Category 4 with parent ParentCategory 5
2015-12-14 22:47:50,523 DEBUG [JavaFX Application Thread] controller.BudgetAppController (BudgetAppController.java:162) - Created category Category 54 with parent ParentCategory 7
2015-12-14 22:47:50,523 DEBUG [JavaFX Application Thread] controller.BudgetAppController (BudgetAppController.java:162) - Created category Category 73 with parent ParentCategory 7
2015-12-14 22:47:50,523 DEBUG [JavaFX Application Thread] controller.BudgetAppController (BudgetAppController.java:162) - Created category Category 38 with parent ParentCategory 6
2015-12-14 22:47:50,524 DEBUG [JavaFX Application Thread] controller.BudgetAppController (BudgetAppController.java:162) - Created category Category 53 with parent ParentCategory 4
2015-12-14 22:47:50,524 DEBUG [JavaFX Application Thread] controller.BudgetAppController (BudgetAppController.java:162) - Created category Category 27 with parent ParentCategory 3
2015-12-14 22:47:50,524 DEBUG [JavaFX Application Thread] controller.BudgetAppController (BudgetAppController.java:162) - Created category Category 47 with parent ParentCategory 2
2015-12-14 22:47:50,524 DEBUG [JavaFX Application Thread] controller.BudgetAppController (BudgetAppController.java:162) - Created category Category 42 with parent ParentCategory 0
2015-12-14 22:47:50,524 DEBUG [JavaFX Application Thread] controller.BudgetAppController (BudgetAppController.java:162) - Created category Category 8 with parent ParentCategory 3
2015-12-14 22:47:50,525 DEBUG [JavaFX Application Thread] controller.BudgetAppController (BudgetAppController.java:162) - Created category Category 16 with parent ParentCategory 1
2015-12-14 22:47:50,525 DEBUG [JavaFX Application Thread] controller.BudgetAppController (BudgetAppController.java:162) - Created category Category 34 with parent ParentCategory 0
2015-12-14 22:47:50,525 DEBUG [JavaFX Application Thread] controller.BudgetAppController (BudgetAppController.java:162) - Created category Category 94 with parent ParentCategory 3
2015-12-14 22:47:50,525 DEBUG [JavaFX Application Thread] controller.BudgetAppController (BudgetAppController.java:162) - Created category Category 90 with parent ParentCategory 2
2015-12-14 22:47:50,525 DEBUG [JavaFX Application Thread] controller.BudgetAppController (BudgetAppController.java:162) - Created category Category 8 with parent ParentCategory 3
2015-12-14 22:47:50,525 DEBUG [JavaFX Application Thread] controller.BudgetAppController (BudgetAppController.java:162) - Created category Category 8 with parent ParentCategory 3
2015-12-14 22:47:50,526 DEBUG [JavaFX Application Thread] controller.BudgetAppController (BudgetAppController.java:162) - Created category Category 60 with parent ParentCategory 2
2015-12-14 22:47:50,526 DEBUG [JavaFX Application Thread] controller.BudgetAppController (BudgetAppController.java:162) - Created category Category 27 with parent ParentCategory 3
2015-12-14 22:47:50,526 DEBUG [JavaFX Application Thread] controller.BudgetAppController (BudgetAppController.java:162) - Created category Category 59 with parent ParentCategory 1
2015-12-14 22:47:50,526 DEBUG [JavaFX Application Thread] controller.BudgetAppController (BudgetAppController.java:162) - Created category Category 39 with parent ParentCategory 4
2015-12-14 22:47:50,526 DEBUG [JavaFX Application Thread] controller.BudgetAppController (BudgetAppController.java:162) - Created category Category 20 with parent ParentCategory 2
2015-12-14 22:47:50,526 DEBUG [JavaFX Application Thread] controller.BudgetAppController (BudgetAppController.java:162) - Created category Category 98 with parent ParentCategory 0
2015-12-14 22:47:50,527 DEBUG [JavaFX Application Thread] controller.BudgetAppController (BudgetAppController.java:162) - Created category Category 23 with parent ParentCategory 0
2015-12-14 22:47:50,527 DEBUG [JavaFX Application Thread] controller.BudgetAppController (BudgetAppController.java:162) - Created category Category 57 with parent ParentCategory 7
2015-12-14 22:47:50,527 DEBUG [JavaFX Application Thread] controller.BudgetAppController (BudgetAppController.java:162) - Created category Category 21 with parent ParentCategory 0
2015-12-14 22:47:50,527 DEBUG [JavaFX Application Thread] controller.BudgetAppController (BudgetAppController.java:162) - Created category Category 0 with parent ParentCategory 5
2015-12-14 22:47:50,527 DEBUG [JavaFX Application Thread] controller.BudgetAppController (BudgetAppController.java:162) - Created category Category 56 with parent ParentCategory 1
2015-12-14 22:47:50,528 DEBUG [JavaFX Application Thread] controller.BudgetAppController (BudgetAppController.java:162) - Created category Category 85 with parent ParentCategory 8
2015-12-14 22:47:50,528 DEBUG [JavaFX Application Thread] controller.BudgetAppController (BudgetAppController.java:162) - Created category Category 38 with parent ParentCategory 6
2015-12-14 22:47:50,528 DEBUG [JavaFX Application Thread] controller.BudgetAppController (BudgetAppController.java:162) - Created category Category 88 with parent ParentCategory 7
2015-12-14 22:47:50,528 DEBUG [JavaFX Application Thread] controller.BudgetAppController (BudgetAppController.java:162) - Created category Category 13 with parent ParentCategory 8
2015-12-14 22:47:50,528 DEBUG [JavaFX Application Thread] controller.BudgetAppController (BudgetAppController.java:162) - Created category Category 62 with parent ParentCategory 2
2015-12-14 22:47:50,528 DEBUG [JavaFX Application Thread] controller.BudgetAppController (BudgetAppController.java:162) - Created category Category 86 with parent ParentCategory 6
2015-12-14 22:47:50,529 DEBUG [JavaFX Application Thread] controller.BudgetAppController (BudgetAppController.java:162) - Created category Category 50 with parent ParentCategory 7
2015-12-14 22:47:50,529 DEBUG [JavaFX Application Thread] controller.BudgetAppController (BudgetAppController.java:162) - Created category Category 56 with parent ParentCategory 1
2015-12-14 22:47:50,529 DEBUG [JavaFX Application Thread] controller.BudgetAppController (BudgetAppController.java:162) - Created category Category 43 with parent ParentCategory 5
2015-12-14 22:47:50,529 DEBUG [JavaFX Application Thread] controller.BudgetAppController (BudgetAppController.java:162) - Created category Category 1 with parent ParentCategory 2
2015-12-14 22:47:50,529 DEBUG [JavaFX Application Thread] controller.BudgetAppController (BudgetAppController.java:162) - Created category Category 75 with parent ParentCategory 4
2015-12-14 22:47:50,529 DEBUG [JavaFX Application Thread] controller.BudgetAppController (BudgetAppController.java:162) - Created category Category 13 with parent ParentCategory 8
2015-12-14 22:47:50,546 INFO  [JavaFX Application Thread] controller.BudgetOverviewController (BudgetOverviewController.java:182) - Parent Category dont have budget ParentCategory 0
2015-12-14 22:47:50,547 INFO  [JavaFX Application Thread] controller.BudgetOverviewController (BudgetOverviewController.java:182) - Parent Category dont have budget ParentCategory 1
2015-12-14 22:47:50,547 INFO  [JavaFX Application Thread] controller.BudgetOverviewController (BudgetOverviewController.java:182) - Parent Category dont have budget ParentCategory 2
2015-12-14 22:47:50,547 INFO  [JavaFX Application Thread] controller.BudgetOverviewController (BudgetOverviewController.java:182) - Parent Category dont have budget ParentCategory 3
2015-12-14 22:47:50,547 INFO  [JavaFX Application Thread] controller.BudgetOverviewController (BudgetOverviewController.java:182) - Parent Category dont have budget ParentCategory 4
2015-12-14 22:47:50,548 INFO  [JavaFX Application Thread] controller.BudgetOverviewController (BudgetOverviewController.java:182) - Parent Category dont have budget ParentCategory 5
2015-12-14 22:47:50,548 INFO  [JavaFX Application Thread] controller.BudgetOverviewController (BudgetOverviewController.java:182) - Parent Category dont have budget ParentCategory 6
2015-12-14 22:47:50,548 INFO  [JavaFX Application Thread] controller.BudgetOverviewController (BudgetOverviewController.java:182) - Parent Category dont have budget ParentCategory 7
2015-12-14 22:47:50,548 INFO  [JavaFX Application Thread] controller.BudgetOverviewController (BudgetOverviewController.java:182) - Parent Category dont have budget ParentCategory 8
2015-12-14 22:47:50,549 INFO  [JavaFX Application Thread] controller.BudgetOverviewController (BudgetOverviewController.java:182) - Parent Category dont have budget ParentCategory 9
2015-12-14 22:47:50,550 DEBUG [JavaFX Application Thread] controller.BudgetOverviewController (BudgetOverviewController.java:191) - StringProperty [value: ParentCategory 0]
2015-12-14 22:47:50,551 INFO  [JavaFX Application Thread] controller.BudgetOverviewController (BudgetOverviewController.java:194) - StringProperty [value: Category 21]
2015-12-14 22:47:50,551 INFO  [JavaFX Application Thread] controller.BudgetOverviewController (BudgetOverviewController.java:194) - StringProperty [value: Category 17]
2015-12-14 22:47:50,551 INFO  [JavaFX Application Thread] controller.BudgetOverviewController (BudgetOverviewController.java:194) - StringProperty [value: Category 98]
2015-12-14 22:47:50,551 INFO  [JavaFX Application Thread] controller.BudgetOverviewController (BudgetOverviewController.java:194) - StringProperty [value: Category 34]
2015-12-14 22:47:50,551 INFO  [JavaFX Application Thread] controller.BudgetOverviewController (BudgetOverviewController.java:194) - StringProperty [value: Category 23]
2015-12-14 22:47:50,551 INFO  [JavaFX Application Thread] controller.BudgetOverviewController (BudgetOverviewController.java:194) - StringProperty [value: Category 91]
2015-12-14 22:47:50,551 INFO  [JavaFX Application Thread] controller.BudgetOverviewController (BudgetOverviewController.java:194) - StringProperty [value: Category 42]
2015-12-14 22:47:50,552 INFO  [JavaFX Application Thread] controller.BudgetOverviewController (BudgetOverviewController.java:194) - StringProperty [value: Category 31]
2015-12-14 22:48:12,536 DEBUG [JavaFX Application Thread] controller.BudgetEditDialogController (BudgetEditDialogController.java:119) - Updating controls
2015-12-14 22:48:22,724 DEBUG [JavaFX Application Thread] controller.BudgetEditDialogController (BudgetEditDialogController.java:119) - Updating controls
